08/01/2016 07:58:36 devpinoyLogger Start
08/01/2016 07:58:36 devpinoyLogger Properties Loaded. Testing Started
08/01/2016 07:58:36 devpinoyLogger Initialize suite xlsx
08/01/2016 07:58:37 devpinoyLogger A Suite--N
08/01/2016 07:58:37 devpinoyLogger B Suite--N
08/01/2016 07:58:37 devpinoyLogger C Suite--Y
08/01/2016 07:58:37 devpinoyLogger ***Exceuting***C Suite
08/01/2016 07:58:37 devpinoyLogger Login --N
08/01/2016 07:58:37 devpinoyLogger Appointment_Creation--N
08/01/2016 07:58:37 devpinoyLogger Clinical_Notes_Pre_Test--N
08/01/2016 07:58:37 devpinoyLogger Clinical_Notes_History--N
08/01/2016 07:58:37 devpinoyLogger Clinical_Notes_Investigate--N
08/01/2016 07:58:37 devpinoyLogger Eye_Health--N
08/01/2016 07:58:37 devpinoyLogger Spectacle_Rx--Y
08/01/2016 07:58:37 devpinoyLogger Exceution of test case   Spectacle_Rx
08/01/2016 07:58:37 devpinoyLogger openBrowser
08/01/2016 07:58:37 devpinoyLogger Opening the browser
08/01/2016 07:58:40 devpinoyLogger Pass
08/01/2016 07:58:40 devpinoyLogger navigate
08/01/2016 07:58:40 devpinoyLogger Navigating to URL
08/01/2016 07:58:47 devpinoyLogger Pass
08/01/2016 07:58:47 devpinoyLogger writeInInput
08/01/2016 07:58:47 devpinoyLogger Writing in text box
08/01/2016 07:58:47 devpinoyLogger Pass
08/01/2016 07:58:47 devpinoyLogger writeInInput
08/01/2016 07:58:47 devpinoyLogger Writing in text box
08/01/2016 07:58:47 devpinoyLogger Pass
08/01/2016 07:58:47 devpinoyLogger verifyTextinInput
08/01/2016 07:58:47 devpinoyLogger Verifying the text in input box
08/01/2016 07:58:47 devpinoyLogger Pass
08/01/2016 07:58:47 devpinoyLogger verifyTextinInput
08/01/2016 07:58:47 devpinoyLogger Verifying the text in input box
08/01/2016 07:58:47 devpinoyLogger Pass
08/01/2016 07:58:47 devpinoyLogger verifyButtonText
08/01/2016 07:58:47 devpinoyLogger Verifying the button text
08/01/2016 07:58:47 devpinoyLogger Pass
08/01/2016 07:58:47 devpinoyLogger clickButton
08/01/2016 07:58:47 devpinoyLogger Clicking on Button
08/01/2016 07:58:47 devpinoyLogger Pass
08/01/2016 07:58:47 devpinoyLogger pause
08/01/2016 07:58:47 devpinoyLogger Waiting
08/01/2016 07:58:57 devpinoyLogger Pass
08/01/2016 07:58:57 devpinoyLogger waitForElement
08/01/2016 07:58:57 devpinoyLogger Waiting for Element
08/01/2016 07:58:57 devpinoyLogger Pass
08/01/2016 07:58:57 devpinoyLogger clickButton
08/01/2016 07:58:57 devpinoyLogger Clicking on Button
08/01/2016 07:58:57 devpinoyLogger Pass
08/01/2016 07:58:57 devpinoyLogger pause
08/01/2016 07:58:57 devpinoyLogger Waiting
08/01/2016 07:59:02 devpinoyLogger Pass
08/01/2016 07:59:02 devpinoyLogger clickButton
08/01/2016 07:59:02 devpinoyLogger Clicking on Button
08/01/2016 07:59:03 devpinoyLogger Pass
08/01/2016 07:59:03 devpinoyLogger pause
08/01/2016 07:59:03 devpinoyLogger Waiting
08/01/2016 07:59:06 devpinoyLogger Pass
08/01/2016 07:59:06 devpinoyLogger Right_Click_for_Clinical_Notes
08/01/2016 07:59:06 devpinoyLogger Clicking Right Click
08/01/2016 07:59:12 devpinoyLogger Pass
08/01/2016 07:59:12 devpinoyLogger pause
08/01/2016 07:59:12 devpinoyLogger Waiting
08/01/2016 07:59:15 devpinoyLogger Pass
08/01/2016 07:59:15 devpinoyLogger clickButton
08/01/2016 07:59:15 devpinoyLogger Clicking on Button
08/01/2016 07:59:19 devpinoyLogger Fail--Not able to navigateelement not visible
  (Session info: chrome=47.0.2526.106)
  (Driver info: chromedriver=2.6.232923,platform=Windows NT 6.1 SP1 x86_64) (WARNING: The server did not provide any stacktrace information)
Command duration or timeout: 86 milliseconds
Build info: version: '2.44.0', revision: '76d78cf', time: '2014-10-23 20:03:00'
System info: host: 'ATLANTISPC-274', ip: '10.210.16.42', os.name: 'Windows 7', os.arch: 'amd64', os.version: '6.1', java.version: '1.7.0_79'
Session ID: 528a7a361b610b37c0b81c712df7a436
Driver info: org.openqa.selenium.chrome.ChromeDriver
Capabilities [{platform=XP, acceptSslCerts=true, javascriptEnabled=true, browserName=chrome, chrome={userDataDir=C:\Users\aakarg\AppData\Local\Temp\scoped_dir856_21790}, rotatable=false, locationContextEnabled=true, version=47.0.2526.106, takesHeapSnapshot=true, cssSelectorsEnabled=true, databaseEnabled=false, handlesAlerts=true, browserConnectionEnabled=false, webStorageEnabled=true, nativeEvents=true, applicationCacheEnabled=false, takesScreenshot=true}]
08/01/2016 07:59:19 devpinoyLogger clickButton
08/01/2016 07:59:19 devpinoyLogger Clicking on Button
08/01/2016 07:59:19 devpinoyLogger Fail--Not able to navigateelement not visible
  (Session info: chrome=47.0.2526.106)
  (Driver info: chromedriver=2.6.232923,platform=Windows NT 6.1 SP1 x86_64) (WARNING: The server did not provide any stacktrace information)
Command duration or timeout: 47 milliseconds
Build info: version: '2.44.0', revision: '76d78cf', time: '2014-10-23 20:03:00'
System info: host: 'ATLANTISPC-274', ip: '10.210.16.42', os.name: 'Windows 7', os.arch: 'amd64', os.version: '6.1', java.version: '1.7.0_79'
Session ID: 528a7a361b610b37c0b81c712df7a436
Driver info: org.openqa.selenium.chrome.ChromeDriver
Capabilities [{platform=XP, acceptSslCerts=true, javascriptEnabled=true, browserName=chrome, chrome={userDataDir=C:\Users\aakarg\AppData\Local\Temp\scoped_dir856_21790}, rotatable=false, locationContextEnabled=true, version=47.0.2526.106, takesHeapSnapshot=true, cssSelectorsEnabled=true, databaseEnabled=false, handlesAlerts=true, browserConnectionEnabled=false, webStorageEnabled=true, nativeEvents=true, applicationCacheEnabled=false, takesScreenshot=true}]
08/01/2016 07:59:19 devpinoyLogger clickButton
08/01/2016 07:59:19 devpinoyLogger Clicking on Button
08/01/2016 07:59:19 devpinoyLogger Pass
08/01/2016 07:59:19 devpinoyLogger pause
08/01/2016 07:59:19 devpinoyLogger Waiting
08/01/2016 07:59:22 devpinoyLogger Pass
08/01/2016 07:59:22 devpinoyLogger scroll_down
08/01/2016 07:59:22 devpinoyLogger scroll down to element
08/01/2016 07:59:22 devpinoyLogger Pass
08/01/2016 07:59:22 devpinoyLogger pause
08/01/2016 07:59:22 devpinoyLogger Waiting
08/01/2016 07:59:25 devpinoyLogger Pass
08/01/2016 07:59:25 devpinoyLogger clickButton
08/01/2016 07:59:25 devpinoyLogger Clicking on Button
08/01/2016 07:59:25 devpinoyLogger Pass
08/01/2016 07:59:25 devpinoyLogger pause
08/01/2016 07:59:25 devpinoyLogger Waiting
08/01/2016 07:59:31 devpinoyLogger Pass
08/01/2016 07:59:31 devpinoyLogger clickButton
08/01/2016 07:59:31 devpinoyLogger Clicking on Button
08/01/2016 07:59:31 devpinoyLogger Pass
08/01/2016 07:59:31 devpinoyLogger pause
08/01/2016 07:59:31 devpinoyLogger Waiting
08/01/2016 07:59:34 devpinoyLogger Pass
08/01/2016 07:59:34 devpinoyLogger Refracted_values
08/01/2016 07:59:34 devpinoyLogger Entering Refracted values 
08/01/2016 07:59:35 devpinoyLogger Clicking on Button
08/01/2016 07:59:36 devpinoyLogger Clicking on Button
08/01/2016 07:59:38 devpinoyLogger Clicking on Button
08/01/2016 07:59:39 devpinoyLogger Clicking on Button
08/01/2016 07:59:40 devpinoyLogger Clicking on Button
08/01/2016 07:59:41 devpinoyLogger Clicking on Button
08/01/2016 07:59:42 devpinoyLogger Clicking on Button
08/01/2016 07:59:43 devpinoyLogger Clicking on Button
08/01/2016 07:59:44 devpinoyLogger Clicking on Button
08/01/2016 07:59:45 devpinoyLogger Clicking on Button
08/01/2016 07:59:46 devpinoyLogger Clicking on Button
08/01/2016 07:59:48 devpinoyLogger Clicking on Button
08/01/2016 07:59:49 devpinoyLogger Clicking on Button
08/01/2016 07:59:50 devpinoyLogger Clicking on Button
08/01/2016 07:59:51 devpinoyLogger Clicking on Button
08/01/2016 07:59:52 devpinoyLogger Clicking on Button
08/01/2016 07:59:53 devpinoyLogger Clicking on Button
08/01/2016 07:59:54 devpinoyLogger Clicking on Button
08/01/2016 07:59:55 devpinoyLogger Clicking on Button
08/01/2016 07:59:56 devpinoyLogger Clicking on Button
08/01/2016 07:59:57 devpinoyLogger Clicking on Button
08/01/2016 07:59:59 devpinoyLogger Clicking on Button
08/01/2016 07:59:59 devpinoyLogger Pass
08/01/2016 07:59:59 devpinoyLogger pause
08/01/2016 07:59:59 devpinoyLogger Waiting
08/01/2016 08:00:01 devpinoyLogger Pass
08/01/2016 08:00:01 devpinoyLogger writeInInput
08/01/2016 08:00:01 devpinoyLogger Writing in text box
08/01/2016 08:00:01 devpinoyLogger Pass
08/01/2016 08:00:01 devpinoyLogger clickButton
08/01/2016 08:00:01 devpinoyLogger Clicking on Button
08/01/2016 08:00:01 devpinoyLogger Pass
08/01/2016 08:00:01 devpinoyLogger clickButton
08/01/2016 08:00:01 devpinoyLogger Clicking on Button
08/01/2016 08:00:01 devpinoyLogger Pass
08/01/2016 08:00:01 devpinoyLogger clickButton
08/01/2016 08:00:01 devpinoyLogger Clicking on Button
08/01/2016 08:00:01 devpinoyLogger Pass
08/01/2016 08:00:01 devpinoyLogger clickButton
08/01/2016 08:00:01 devpinoyLogger Clicking on Button
08/01/2016 08:00:01 devpinoyLogger Pass
08/01/2016 08:00:01 devpinoyLogger clickButton
08/01/2016 08:00:01 devpinoyLogger Clicking on Button
08/01/2016 08:00:01 devpinoyLogger Pass
08/01/2016 08:00:01 devpinoyLogger clickButton
08/01/2016 08:00:01 devpinoyLogger Clicking on Button
08/01/2016 08:00:01 devpinoyLogger Pass
08/01/2016 08:00:01 devpinoyLogger clickButton
08/01/2016 08:00:01 devpinoyLogger Clicking on Button
08/01/2016 08:00:01 devpinoyLogger Pass
08/01/2016 08:00:01 devpinoyLogger clickButton
08/01/2016 08:00:01 devpinoyLogger Clicking on Button
08/01/2016 08:00:01 devpinoyLogger Pass
08/01/2016 08:00:01 devpinoyLogger click_and_clear
08/01/2016 08:00:01 devpinoyLogger Clicking on any element
08/01/2016 08:00:01 devpinoyLogger Pass
08/01/2016 08:00:01 devpinoyLogger writeInInput
08/01/2016 08:00:01 devpinoyLogger Writing in text box
08/01/2016 08:00:01 devpinoyLogger Pass
08/01/2016 08:00:01 devpinoyLogger clickButton
08/01/2016 08:00:01 devpinoyLogger Clicking on Button
08/01/2016 08:00:02 devpinoyLogger Pass
08/01/2016 08:00:02 devpinoyLogger clickButton
08/01/2016 08:00:02 devpinoyLogger Clicking on Button
08/01/2016 08:00:02 devpinoyLogger Pass
08/01/2016 08:00:02 devpinoyLogger click_and_clear
08/01/2016 08:00:02 devpinoyLogger Clicking on any element
08/01/2016 08:00:02 devpinoyLogger Pass
08/01/2016 08:00:02 devpinoyLogger writeInInput
08/01/2016 08:00:02 devpinoyLogger Writing in text box
08/01/2016 08:00:02 devpinoyLogger Pass
08/01/2016 08:00:02 devpinoyLogger clickButton
08/01/2016 08:00:02 devpinoyLogger Clicking on Button
08/01/2016 08:00:02 devpinoyLogger Pass
08/01/2016 08:00:02 devpinoyLogger clickButton
08/01/2016 08:00:02 devpinoyLogger Clicking on Button
08/01/2016 08:00:02 devpinoyLogger Pass
08/01/2016 08:00:02 devpinoyLogger writeInInput
08/01/2016 08:00:02 devpinoyLogger Writing in text box
08/01/2016 08:00:02 devpinoyLogger Pass
08/01/2016 08:00:02 devpinoyLogger clickButton
08/01/2016 08:00:02 devpinoyLogger Clicking on Button
08/01/2016 08:00:02 devpinoyLogger Pass
08/01/2016 08:00:02 devpinoyLogger clickButton
08/01/2016 08:00:02 devpinoyLogger Clicking on Button
08/01/2016 08:00:02 devpinoyLogger Pass
08/01/2016 08:00:02 devpinoyLogger clickButton
08/01/2016 08:00:02 devpinoyLogger Clicking on Button
08/01/2016 08:00:02 devpinoyLogger Fail--Not able to navigateelement not visible
  (Session info: chrome=47.0.2526.106)
  (Driver info: chromedriver=2.6.232923,platform=Windows NT 6.1 SP1 x86_64) (WARNING: The server did not provide any stacktrace information)
Command duration or timeout: 24 milliseconds
Build info: version: '2.44.0', revision: '76d78cf', time: '2014-10-23 20:03:00'
System info: host: 'ATLANTISPC-274', ip: '10.210.16.42', os.name: 'Windows 7', os.arch: 'amd64', os.version: '6.1', java.version: '1.7.0_79'
Session ID: 528a7a361b610b37c0b81c712df7a436
Driver info: org.openqa.selenium.chrome.ChromeDriver
Capabilities [{platform=XP, acceptSslCerts=true, javascriptEnabled=true, browserName=chrome, chrome={userDataDir=C:\Users\aakarg\AppData\Local\Temp\scoped_dir856_21790}, rotatable=false, locationContextEnabled=true, version=47.0.2526.106, takesHeapSnapshot=true, cssSelectorsEnabled=true, databaseEnabled=false, handlesAlerts=true, browserConnectionEnabled=false, webStorageEnabled=true, nativeEvents=true, applicationCacheEnabled=false, takesScreenshot=true}]
08/01/2016 08:00:02 devpinoyLogger pause
08/01/2016 08:00:02 devpinoyLogger Waiting
08/01/2016 08:00:04 devpinoyLogger Pass
08/01/2016 08:00:04 devpinoyLogger clickButton
08/01/2016 08:00:04 devpinoyLogger Clicking on Button
08/01/2016 08:00:04 devpinoyLogger Fail--Not able to navigateelement not visible
  (Session info: chrome=47.0.2526.106)
  (Driver info: chromedriver=2.6.232923,platform=Windows NT 6.1 SP1 x86_64) (WARNING: The server did not provide any stacktrace information)
Command duration or timeout: 27 milliseconds
Build info: version: '2.44.0', revision: '76d78cf', time: '2014-10-23 20:03:00'
System info: host: 'ATLANTISPC-274', ip: '10.210.16.42', os.name: 'Windows 7', os.arch: 'amd64', os.version: '6.1', java.version: '1.7.0_79'
Session ID: 528a7a361b610b37c0b81c712df7a436
Driver info: org.openqa.selenium.chrome.ChromeDriver
Capabilities [{platform=XP, acceptSslCerts=true, javascriptEnabled=true, browserName=chrome, chrome={userDataDir=C:\Users\aakarg\AppData\Local\Temp\scoped_dir856_21790}, rotatable=false, locationContextEnabled=true, version=47.0.2526.106, takesHeapSnapshot=true, cssSelectorsEnabled=true, databaseEnabled=false, handlesAlerts=true, browserConnectionEnabled=false, webStorageEnabled=true, nativeEvents=true, applicationCacheEnabled=false, takesScreenshot=true}]
08/01/2016 08:00:04 devpinoyLogger pause
08/01/2016 08:00:04 devpinoyLogger Waiting
08/01/2016 08:00:06 devpinoyLogger Pass
08/01/2016 08:00:06 devpinoyLogger clickButton
08/01/2016 08:00:06 devpinoyLogger Clicking on Button
08/01/2016 08:00:06 devpinoyLogger Fail--Not able to navigateelement not visible
  (Session info: chrome=47.0.2526.106)
  (Driver info: chromedriver=2.6.232923,platform=Windows NT 6.1 SP1 x86_64) (WARNING: The server did not provide any stacktrace information)
Command duration or timeout: 17 milliseconds
Build info: version: '2.44.0', revision: '76d78cf', time: '2014-10-23 20:03:00'
System info: host: 'ATLANTISPC-274', ip: '10.210.16.42', os.name: 'Windows 7', os.arch: 'amd64', os.version: '6.1', java.version: '1.7.0_79'
Session ID: 528a7a361b610b37c0b81c712df7a436
Driver info: org.openqa.selenium.chrome.ChromeDriver
Capabilities [{platform=XP, acceptSslCerts=true, javascriptEnabled=true, browserName=chrome, chrome={userDataDir=C:\Users\aakarg\AppData\Local\Temp\scoped_dir856_21790}, rotatable=false, locationContextEnabled=true, version=47.0.2526.106, takesHeapSnapshot=true, cssSelectorsEnabled=true, databaseEnabled=false, handlesAlerts=true, browserConnectionEnabled=false, webStorageEnabled=true, nativeEvents=true, applicationCacheEnabled=false, takesScreenshot=true}]
08/01/2016 08:00:06 devpinoyLogger pause
08/01/2016 08:00:06 devpinoyLogger Waiting
08/01/2016 08:00:08 devpinoyLogger Pass
08/01/2016 08:00:08 devpinoyLogger clickButton
08/01/2016 08:00:08 devpinoyLogger Clicking on Button
08/01/2016 08:00:08 devpinoyLogger Fail--Not able to navigateelement not visible
  (Session info: chrome=47.0.2526.106)
  (Driver info: chromedriver=2.6.232923,platform=Windows NT 6.1 SP1 x86_64) (WARNING: The server did not provide any stacktrace information)
Command duration or timeout: 17 milliseconds
Build info: version: '2.44.0', revision: '76d78cf', time: '2014-10-23 20:03:00'
System info: host: 'ATLANTISPC-274', ip: '10.210.16.42', os.name: 'Windows 7', os.arch: 'amd64', os.version: '6.1', java.version: '1.7.0_79'
Session ID: 528a7a361b610b37c0b81c712df7a436
Driver info: org.openqa.selenium.chrome.ChromeDriver
Capabilities [{platform=XP, acceptSslCerts=true, javascriptEnabled=true, browserName=chrome, chrome={userDataDir=C:\Users\aakarg\AppData\Local\Temp\scoped_dir856_21790}, rotatable=false, locationContextEnabled=true, version=47.0.2526.106, takesHeapSnapshot=true, cssSelectorsEnabled=true, databaseEnabled=false, handlesAlerts=true, browserConnectionEnabled=false, webStorageEnabled=true, nativeEvents=true, applicationCacheEnabled=false, takesScreenshot=true}]
08/01/2016 08:00:08 devpinoyLogger pause
08/01/2016 08:00:08 devpinoyLogger Waiting
08/01/2016 08:00:10 devpinoyLogger Pass
08/01/2016 08:00:10 devpinoyLogger click_and_clear
08/01/2016 08:00:10 devpinoyLogger Clicking on any element
08/01/2016 08:00:10 devpinoyLogger Pass
08/01/2016 08:00:10 devpinoyLogger writeInInput
08/01/2016 08:00:10 devpinoyLogger Writing in text box
08/01/2016 08:00:11 devpinoyLogger Pass
08/01/2016 08:00:11 devpinoyLogger pause
08/01/2016 08:00:11 devpinoyLogger Waiting
08/01/2016 08:00:13 devpinoyLogger Pass
08/01/2016 08:00:13 devpinoyLogger clickButton
08/01/2016 08:00:13 devpinoyLogger Clicking on Button
08/01/2016 08:00:13 devpinoyLogger Pass
08/01/2016 08:00:13 devpinoyLogger clickButton
08/01/2016 08:00:13 devpinoyLogger Clicking on Button
08/01/2016 08:00:13 devpinoyLogger Pass
08/01/2016 08:00:13 devpinoyLogger pause
08/01/2016 08:00:13 devpinoyLogger Waiting
08/01/2016 08:00:15 devpinoyLogger Pass
08/01/2016 08:00:15 devpinoyLogger cover_distance_values
08/01/2016 08:00:15 devpinoyLogger Entering cover distance values 
08/01/2016 08:00:16 devpinoyLogger Clicking on Button
08/01/2016 08:00:17 devpinoyLogger Clicking on Button
08/01/2016 08:00:18 devpinoyLogger Clicking on Button
08/01/2016 08:00:19 devpinoyLogger Clicking on Button
08/01/2016 08:00:19 devpinoyLogger Pass
08/01/2016 08:00:19 devpinoyLogger writeInInput
08/01/2016 08:00:19 devpinoyLogger Writing in text box
08/01/2016 08:00:19 devpinoyLogger Pass
08/01/2016 08:00:19 devpinoyLogger clickButton
08/01/2016 08:00:19 devpinoyLogger Clicking on Button
08/01/2016 08:00:19 devpinoyLogger Pass
08/01/2016 08:00:19 devpinoyLogger clickButton
08/01/2016 08:00:19 devpinoyLogger Clicking on Button
08/01/2016 08:00:20 devpinoyLogger Pass
08/01/2016 08:00:20 devpinoyLogger pause
08/01/2016 08:00:20 devpinoyLogger Waiting
08/01/2016 08:00:23 devpinoyLogger Pass
08/01/2016 08:00:23 devpinoyLogger clickButton
08/01/2016 08:00:23 devpinoyLogger Clicking on Button
08/01/2016 08:00:23 devpinoyLogger Pass
08/01/2016 08:00:23 devpinoyLogger pause
08/01/2016 08:00:23 devpinoyLogger Waiting
08/01/2016 08:00:25 devpinoyLogger Pass
08/01/2016 08:00:25 devpinoyLogger clickButton
08/01/2016 08:00:25 devpinoyLogger Clicking on Button
08/01/2016 08:00:25 devpinoyLogger Pass
08/01/2016 08:00:25 devpinoyLogger clickButton
08/01/2016 08:00:25 devpinoyLogger Clicking on Button
08/01/2016 08:00:25 devpinoyLogger Pass
08/01/2016 08:00:25 devpinoyLogger writeInInput
08/01/2016 08:00:25 devpinoyLogger Writing in text box
08/01/2016 08:00:25 devpinoyLogger Pass
08/01/2016 08:00:25 devpinoyLogger clickButton
08/01/2016 08:00:25 devpinoyLogger Clicking on Button
08/01/2016 08:00:25 devpinoyLogger Pass
08/01/2016 08:00:25 devpinoyLogger pause
08/01/2016 08:00:25 devpinoyLogger Waiting
08/01/2016 08:00:28 devpinoyLogger Pass
08/01/2016 08:00:28 devpinoyLogger clickButton
08/01/2016 08:00:28 devpinoyLogger Clicking on Button
08/01/2016 08:00:28 devpinoyLogger Pass
08/01/2016 08:00:28 devpinoyLogger phoria_distance_values
08/01/2016 08:00:28 devpinoyLogger Entering phoria distance values 
08/01/2016 08:00:29 devpinoyLogger Clicking on Button
08/01/2016 08:00:30 devpinoyLogger Clicking on Button
08/01/2016 08:00:31 devpinoyLogger Clicking on Button
08/01/2016 08:00:33 devpinoyLogger Clicking on Button
08/01/2016 08:00:33 devpinoyLogger Pass
08/01/2016 08:00:33 devpinoyLogger pause
08/01/2016 08:00:33 devpinoyLogger Waiting
08/01/2016 08:00:35 devpinoyLogger Pass
08/01/2016 08:00:35 devpinoyLogger pause
08/01/2016 08:00:35 devpinoyLogger Waiting
08/01/2016 08:00:38 devpinoyLogger Pass
08/01/2016 08:00:38 devpinoyLogger clickButton
08/01/2016 08:00:38 devpinoyLogger Clicking on Button
08/01/2016 08:00:38 devpinoyLogger Pass
08/01/2016 08:00:38 devpinoyLogger clickButton
08/01/2016 08:00:38 devpinoyLogger Clicking on Button
08/01/2016 08:00:38 devpinoyLogger Pass
08/01/2016 08:00:38 devpinoyLogger cover_test_near_values
08/01/2016 08:00:38 devpinoyLogger Entering cover test near values 
08/01/2016 08:00:39 devpinoyLogger Clicking on Button
08/01/2016 08:00:40 devpinoyLogger Clicking on Button
08/01/2016 08:00:41 devpinoyLogger Clicking on Button
08/01/2016 08:00:42 devpinoyLogger Clicking on Button
08/01/2016 08:00:42 devpinoyLogger Pass
08/01/2016 08:00:42 devpinoyLogger writeInInput
08/01/2016 08:00:42 devpinoyLogger Writing in text box
08/01/2016 08:00:42 devpinoyLogger Pass
08/01/2016 08:00:42 devpinoyLogger clickButton
08/01/2016 08:00:42 devpinoyLogger Clicking on Button
08/01/2016 08:00:42 devpinoyLogger Pass
08/01/2016 08:00:42 devpinoyLogger scroll_down
08/01/2016 08:00:42 devpinoyLogger scroll down to element
08/01/2016 08:00:42 devpinoyLogger Pass
08/01/2016 08:00:42 devpinoyLogger clickButton
08/01/2016 08:00:42 devpinoyLogger Clicking on Button
08/01/2016 08:00:42 devpinoyLogger Pass
08/01/2016 08:00:42 devpinoyLogger pause
08/01/2016 08:00:42 devpinoyLogger Waiting
08/01/2016 08:00:45 devpinoyLogger Pass
08/01/2016 08:00:45 devpinoyLogger closeBroswer
08/01/2016 08:00:45 devpinoyLogger Closing the browser
08/01/2016 08:00:47 devpinoyLogger Pass
